

*******************************************************************************
Thu Jul 18 04:09:51 2024


FIT:    data read from "2_6_2_2_single.dat" using 1:4
        format = x:z
        x range restricted to [2.00000 : 4.00000]
        #datapoints = 3
        residuals are weighted equally (unit weight)

function used for fitting: fit_1(x)
	fit_1(x) = a_1*x+b_1
fitted parameters initialized with current variable values

iter      chisq       delta/lim  lambda   a_1           b_1          
   0 3.1803571830e+02   0.00e+00  2.31e+00    1.000000e+00   1.000000e+00
   5 8.0073843267e-02  -4.06e-09  2.31e-05    3.392600e-01  -7.298547e+00

After 5 iterations the fit converged.
final sum of squares of residuals : 0.0800738
rel. change during last iteration : -4.05551e-14

degrees of freedom    (FIT_NDF)                        : 1
rms of residuals      (FIT_STDFIT) = sqrt(WSSR/ndf)    : 0.282973
variance of residuals (reduced chisquare) = WSSR/ndf   : 0.0800738

Final set of parameters            Asymptotic Standard Error
=======================            ==========================
a_1             = 0.33926          +/- 0.2001       (58.98%)
b_1             = -7.29855         +/- 0.6221       (8.524%)

correlation matrix of the fit parameters:
                a_1    b_1    
a_1             1.000 
b_1            -0.965  1.000 


*******************************************************************************
Thu Jul 18 04:09:51 2024


FIT:    data read from "2_6_2_2_single.dat" using 1:4
        format = x:z
        x range restricted to [4.00000 : 8.00000]
        #datapoints = 5
        residuals are weighted equally (unit weight)

function used for fitting: fit_2(x)
	fit_2(x) = a_2*x+b_2
fitted parameters initialized with current variable values

iter      chisq       delta/lim  lambda   a_2           b_2          
   0 4.9743014780e+02   0.00e+00  4.42e+00    1.000000e+00   1.000000e+00
   5 7.5652050512e-01  -2.96e-07  4.42e-05    1.375359e+00  -1.120469e+01

After 5 iterations the fit converged.
final sum of squares of residuals : 0.756521
rel. change during last iteration : -2.96281e-12

degrees of freedom    (FIT_NDF)                        : 3
rms of residuals      (FIT_STDFIT) = sqrt(WSSR/ndf)    : 0.502169
variance of residuals (reduced chisquare) = WSSR/ndf   : 0.252174

Final set of parameters            Asymptotic Standard Error
=======================            ==========================
a_2             = 1.37536          +/- 0.1588       (11.55%)
b_2             = -11.2047         +/- 0.9789       (8.737%)

correlation matrix of the fit parameters:
                a_2    b_2    
a_2             1.000 
b_2            -0.973  1.000 


*******************************************************************************
Thu Jul 18 04:09:51 2024


FIT:    data read from "2_6_2_2_double.dat" using 1:4
        format = x:z
        x range restricted to [2.00000 : 10.0000]
        #datapoints = 9
        residuals are weighted equally (unit weight)

function used for fitting: fit_3(x)
	fit_3(x) = a_3*x+b_3
fitted parameters initialized with current variable values

iter      chisq       delta/lim  lambda   a_3           b_3          
   0 3.8833360154e+03   0.00e+00  4.67e+00    1.000000e+00   1.000000e+00
   5 1.5616072616e+00  -2.70e-10  4.67e-05    4.806300e-01  -1.660840e+01

After 5 iterations the fit converged.
final sum of squares of residuals : 1.56161
rel. change during last iteration : -2.70161e-15

degrees of freedom    (FIT_NDF)                        : 7
rms of residuals      (FIT_STDFIT) = sqrt(WSSR/ndf)    : 0.472321
variance of residuals (reduced chisquare) = WSSR/ndf   : 0.223087

Final set of parameters            Asymptotic Standard Error
=======================            ==========================
a_3             = 0.48063          +/- 0.06098      (12.69%)
b_3             = -16.6084         +/- 0.3983       (2.398%)

correlation matrix of the fit parameters:
                a_3    b_3    
a_3             1.000 
b_3            -0.919  1.000 


*******************************************************************************
Thu Jul 18 04:11:48 2024


FIT:    data read from "2_6_2_2_single.dat" using 1:4
        format = x:z
        x range restricted to [2.00000 : 4.00000]
        #datapoints = 3
        residuals are weighted equally (unit weight)

function used for fitting: fit_1(x)
	fit_1(x) = a_1*x+b_1
fitted parameters initialized with current variable values

iter      chisq       delta/lim  lambda   a_1           b_1          
   0 3.1803571830e+02   0.00e+00  2.31e+00    1.000000e+00   1.000000e+00
   5 8.0073843267e-02  -4.06e-09  2.31e-05    3.392600e-01  -7.298547e+00

After 5 iterations the fit converged.
final sum of squares of residuals : 0.0800738
rel. change during last iteration : -4.05551e-14

degrees of freedom    (FIT_NDF)                        : 1
rms of residuals      (FIT_STDFIT) = sqrt(WSSR/ndf)    : 0.282973
variance of residuals (reduced chisquare) = WSSR/ndf   : 0.0800738

Final set of parameters            Asymptotic Standard Error
=======================            ==========================
a_1             = 0.33926          +/- 0.2001       (58.98%)
b_1             = -7.29855         +/- 0.6221       (8.524%)

correlation matrix of the fit parameters:
                a_1    b_1    
a_1             1.000 
b_1            -0.965  1.000 


*******************************************************************************
Thu Jul 18 04:11:48 2024


FIT:    data read from "2_6_2_2_single.dat" using 1:4
        format = x:z
        x range restricted to [4.00000 : 8.00000]
        #datapoints = 5
        residuals are weighted equally (unit weight)

function used for fitting: fit_2(x)
	fit_2(x) = a_2*x+b_2
fitted parameters initialized with current variable values

iter      chisq       delta/lim  lambda   a_2           b_2          
   0 4.9743014780e+02   0.00e+00  4.42e+00    1.000000e+00   1.000000e+00
   5 7.5652050512e-01  -2.96e-07  4.42e-05    1.375359e+00  -1.120469e+01

After 5 iterations the fit converged.
final sum of squares of residuals : 0.756521
rel. change during last iteration : -2.96281e-12

degrees of freedom    (FIT_NDF)                        : 3
rms of residuals      (FIT_STDFIT) = sqrt(WSSR/ndf)    : 0.502169
variance of residuals (reduced chisquare) = WSSR/ndf   : 0.252174

Final set of parameters            Asymptotic Standard Error
=======================            ==========================
a_2             = 1.37536          +/- 0.1588       (11.55%)
b_2             = -11.2047         +/- 0.9789       (8.737%)

correlation matrix of the fit parameters:
                a_2    b_2    
a_2             1.000 
b_2            -0.973  1.000 


*******************************************************************************
Thu Jul 18 04:11:48 2024


FIT:    data read from "2_6_2_2_double.dat" using 1:4
        format = x:z
        x range restricted to [2.00000 : 10.0000]
        #datapoints = 9
        residuals are weighted equally (unit weight)

function used for fitting: fit_3(x)
	fit_3(x) = a_3*x+b_3
fitted parameters initialized with current variable values

iter      chisq       delta/lim  lambda   a_3           b_3          
   0 3.8833360154e+03   0.00e+00  4.67e+00    1.000000e+00   1.000000e+00
   5 1.5616072616e+00  -2.70e-10  4.67e-05    4.806300e-01  -1.660840e+01

After 5 iterations the fit converged.
final sum of squares of residuals : 1.56161
rel. change during last iteration : -2.70161e-15

degrees of freedom    (FIT_NDF)                        : 7
rms of residuals      (FIT_STDFIT) = sqrt(WSSR/ndf)    : 0.472321
variance of residuals (reduced chisquare) = WSSR/ndf   : 0.223087

Final set of parameters            Asymptotic Standard Error
=======================            ==========================
a_3             = 0.48063          +/- 0.06098      (12.69%)
b_3             = -16.6084         +/- 0.3983       (2.398%)

correlation matrix of the fit parameters:
                a_3    b_3    
a_3             1.000 
b_3            -0.919  1.000 


*******************************************************************************
Thu Jul 18 04:15:07 2024


FIT:    data read from "2_6_2_2_single.dat" using 1:4
        format = x:z
        x range restricted to [2.00000 : 4.00000]
        #datapoints = 3
        residuals are weighted equally (unit weight)

function used for fitting: fit_1(x)
	fit_1(x) = a_1*x+b_1
fitted parameters initialized with current variable values

iter      chisq       delta/lim  lambda   a_1           b_1          
   0 3.1803571830e+02   0.00e+00  2.31e+00    1.000000e+00   1.000000e+00
   5 8.0073843267e-02  -4.06e-09  2.31e-05    3.392600e-01  -7.298547e+00

After 5 iterations the fit converged.
final sum of squares of residuals : 0.0800738
rel. change during last iteration : -4.05551e-14

degrees of freedom    (FIT_NDF)                        : 1
rms of residuals      (FIT_STDFIT) = sqrt(WSSR/ndf)    : 0.282973
variance of residuals (reduced chisquare) = WSSR/ndf   : 0.0800738

Final set of parameters            Asymptotic Standard Error
=======================            ==========================
a_1             = 0.33926          +/- 0.2001       (58.98%)
b_1             = -7.29855         +/- 0.6221       (8.524%)

correlation matrix of the fit parameters:
                a_1    b_1    
a_1             1.000 
b_1            -0.965  1.000 


*******************************************************************************
Thu Jul 18 04:15:07 2024


FIT:    data read from "2_6_2_2_single.dat" using 1:4
        format = x:z
        x range restricted to [4.00000 : 8.00000]
        #datapoints = 5
        residuals are weighted equally (unit weight)

function used for fitting: fit_2(x)
	fit_2(x) = a_2*x+b_2
fitted parameters initialized with current variable values

iter      chisq       delta/lim  lambda   a_2           b_2          
   0 4.9743014780e+02   0.00e+00  4.42e+00    1.000000e+00   1.000000e+00
   5 7.5652050512e-01  -2.96e-07  4.42e-05    1.375359e+00  -1.120469e+01

After 5 iterations the fit converged.
final sum of squares of residuals : 0.756521
rel. change during last iteration : -2.96281e-12

degrees of freedom    (FIT_NDF)                        : 3
rms of residuals      (FIT_STDFIT) = sqrt(WSSR/ndf)    : 0.502169
variance of residuals (reduced chisquare) = WSSR/ndf   : 0.252174

Final set of parameters            Asymptotic Standard Error
=======================            ==========================
a_2             = 1.37536          +/- 0.1588       (11.55%)
b_2             = -11.2047         +/- 0.9789       (8.737%)

correlation matrix of the fit parameters:
                a_2    b_2    
a_2             1.000 
b_2            -0.973  1.000 


*******************************************************************************
Thu Jul 18 04:15:07 2024


FIT:    data read from "2_6_2_2_double.dat" using 1:4
        format = x:z
        x range restricted to [2.00000 : 10.0000]
        #datapoints = 9
        residuals are weighted equally (unit weight)

function used for fitting: fit_3(x)
	fit_3(x) = a_3*x+b_3
fitted parameters initialized with current variable values

iter      chisq       delta/lim  lambda   a_3           b_3          
   0 3.8833360154e+03   0.00e+00  4.67e+00    1.000000e+00   1.000000e+00
   5 1.5616072616e+00  -2.70e-10  4.67e-05    4.806300e-01  -1.660840e+01

After 5 iterations the fit converged.
final sum of squares of residuals : 1.56161
rel. change during last iteration : -2.70161e-15

degrees of freedom    (FIT_NDF)                        : 7
rms of residuals      (FIT_STDFIT) = sqrt(WSSR/ndf)    : 0.472321
variance of residuals (reduced chisquare) = WSSR/ndf   : 0.223087

Final set of parameters            Asymptotic Standard Error
=======================            ==========================
a_3             = 0.48063          +/- 0.06098      (12.69%)
b_3             = -16.6084         +/- 0.3983       (2.398%)

correlation matrix of the fit parameters:
                a_3    b_3    
a_3             1.000 
b_3            -0.919  1.000 


*******************************************************************************
Thu Jul 18 04:15:47 2024


FIT:    data read from "2_6_2_2_single.dat" using 1:4
        format = x:z
        x range restricted to [2.00000 : 4.00000]
        #datapoints = 3
        residuals are weighted equally (unit weight)

function used for fitting: fit_1(x)
	fit_1(x) = a_1*x+b_1
fitted parameters initialized with current variable values

iter      chisq       delta/lim  lambda   a_1           b_1          
   0 3.1803571830e+02   0.00e+00  2.31e+00    1.000000e+00   1.000000e+00
   5 8.0073843267e-02  -4.06e-09  2.31e-05    3.392600e-01  -7.298547e+00

After 5 iterations the fit converged.
final sum of squares of residuals : 0.0800738
rel. change during last iteration : -4.05551e-14

degrees of freedom    (FIT_NDF)                        : 1
rms of residuals      (FIT_STDFIT) = sqrt(WSSR/ndf)    : 0.282973
variance of residuals (reduced chisquare) = WSSR/ndf   : 0.0800738

Final set of parameters            Asymptotic Standard Error
=======================            ==========================
a_1             = 0.33926          +/- 0.2001       (58.98%)
b_1             = -7.29855         +/- 0.6221       (8.524%)

correlation matrix of the fit parameters:
                a_1    b_1    
a_1             1.000 
b_1            -0.965  1.000 


*******************************************************************************
Thu Jul 18 04:15:47 2024


FIT:    data read from "2_6_2_2_single.dat" using 1:4
        format = x:z
        x range restricted to [4.00000 : 8.00000]
        #datapoints = 5
        residuals are weighted equally (unit weight)

function used for fitting: fit_2(x)
	fit_2(x) = a_2*x+b_2
fitted parameters initialized with current variable values

iter      chisq       delta/lim  lambda   a_2           b_2          
   0 4.9743014780e+02   0.00e+00  4.42e+00    1.000000e+00   1.000000e+00
   5 7.5652050512e-01  -2.96e-07  4.42e-05    1.375359e+00  -1.120469e+01

After 5 iterations the fit converged.
final sum of squares of residuals : 0.756521
rel. change during last iteration : -2.96281e-12

degrees of freedom    (FIT_NDF)                        : 3
rms of residuals      (FIT_STDFIT) = sqrt(WSSR/ndf)    : 0.502169
variance of residuals (reduced chisquare) = WSSR/ndf   : 0.252174

Final set of parameters            Asymptotic Standard Error
=======================            ==========================
a_2             = 1.37536          +/- 0.1588       (11.55%)
b_2             = -11.2047         +/- 0.9789       (8.737%)

correlation matrix of the fit parameters:
                a_2    b_2    
a_2             1.000 
b_2            -0.973  1.000 


*******************************************************************************
Thu Jul 18 04:15:47 2024


FIT:    data read from "2_6_2_2_double.dat" using 1:4
        format = x:z
        x range restricted to [2.00000 : 10.0000]
        #datapoints = 9
        residuals are weighted equally (unit weight)

function used for fitting: fit_3(x)
	fit_3(x) = a_3*x+b_3
fitted parameters initialized with current variable values

iter      chisq       delta/lim  lambda   a_3           b_3          
   0 3.8833360154e+03   0.00e+00  4.67e+00    1.000000e+00   1.000000e+00
   5 1.5616072616e+00  -2.70e-10  4.67e-05    4.806300e-01  -1.660840e+01

After 5 iterations the fit converged.
final sum of squares of residuals : 1.56161
rel. change during last iteration : -2.70161e-15

degrees of freedom    (FIT_NDF)                        : 7
rms of residuals      (FIT_STDFIT) = sqrt(WSSR/ndf)    : 0.472321
variance of residuals (reduced chisquare) = WSSR/ndf   : 0.223087

Final set of parameters            Asymptotic Standard Error
=======================            ==========================
a_3             = 0.48063          +/- 0.06098      (12.69%)
b_3             = -16.6084         +/- 0.3983       (2.398%)

correlation matrix of the fit parameters:
                a_3    b_3    
a_3             1.000 
b_3            -0.919  1.000 


*******************************************************************************
Thu Jul 18 04:17:57 2024


FIT:    data read from "2_6_2_2_single.dat" using 1:4
        format = x:z
        x range restricted to [2.00000 : 4.00000]
        #datapoints = 3
        residuals are weighted equally (unit weight)

function used for fitting: fit_1(x)
	fit_1(x) = a_1*x+b_1
fitted parameters initialized with current variable values

iter      chisq       delta/lim  lambda   a_1           b_1          
   0 3.1803571830e+02   0.00e+00  2.31e+00    1.000000e+00   1.000000e+00
   5 8.0073843267e-02  -4.06e-09  2.31e-05    3.392600e-01  -7.298547e+00

After 5 iterations the fit converged.
final sum of squares of residuals : 0.0800738
rel. change during last iteration : -4.05551e-14

degrees of freedom    (FIT_NDF)                        : 1
rms of residuals      (FIT_STDFIT) = sqrt(WSSR/ndf)    : 0.282973
variance of residuals (reduced chisquare) = WSSR/ndf   : 0.0800738

Final set of parameters            Asymptotic Standard Error
=======================            ==========================
a_1             = 0.33926          +/- 0.2001       (58.98%)
b_1             = -7.29855         +/- 0.6221       (8.524%)

correlation matrix of the fit parameters:
                a_1    b_1    
a_1             1.000 
b_1            -0.965  1.000 


*******************************************************************************
Thu Jul 18 04:17:57 2024


FIT:    data read from "2_6_2_2_single.dat" using 1:4
        format = x:z
        x range restricted to [4.00000 : 8.00000]
        #datapoints = 5
        residuals are weighted equally (unit weight)

function used for fitting: fit_2(x)
	fit_2(x) = a_2*x+b_2
fitted parameters initialized with current variable values

iter      chisq       delta/lim  lambda   a_2           b_2          
   0 4.9743014780e+02   0.00e+00  4.42e+00    1.000000e+00   1.000000e+00
   5 7.5652050512e-01  -2.96e-07  4.42e-05    1.375359e+00  -1.120469e+01

After 5 iterations the fit converged.
final sum of squares of residuals : 0.756521
rel. change during last iteration : -2.96281e-12

degrees of freedom    (FIT_NDF)                        : 3
rms of residuals      (FIT_STDFIT) = sqrt(WSSR/ndf)    : 0.502169
variance of residuals (reduced chisquare) = WSSR/ndf   : 0.252174

Final set of parameters            Asymptotic Standard Error
=======================            ==========================
a_2             = 1.37536          +/- 0.1588       (11.55%)
b_2             = -11.2047         +/- 0.9789       (8.737%)

correlation matrix of the fit parameters:
                a_2    b_2    
a_2             1.000 
b_2            -0.973  1.000 


*******************************************************************************
Thu Jul 18 04:17:57 2024


FIT:    data read from "2_6_2_2_double.dat" using 1:4
        format = x:z
        x range restricted to [2.00000 : 10.0000]
        #datapoints = 9
        residuals are weighted equally (unit weight)

function used for fitting: fit_3(x)
	fit_3(x) = a_3*x+b_3
fitted parameters initialized with current variable values

iter      chisq       delta/lim  lambda   a_3           b_3          
   0 3.8833360154e+03   0.00e+00  4.67e+00    1.000000e+00   1.000000e+00
   5 1.5616072616e+00  -2.70e-10  4.67e-05    4.806300e-01  -1.660840e+01

After 5 iterations the fit converged.
final sum of squares of residuals : 1.56161
rel. change during last iteration : -2.70161e-15

degrees of freedom    (FIT_NDF)                        : 7
rms of residuals      (FIT_STDFIT) = sqrt(WSSR/ndf)    : 0.472321
variance of residuals (reduced chisquare) = WSSR/ndf   : 0.223087

Final set of parameters            Asymptotic Standard Error
=======================            ==========================
a_3             = 0.48063          +/- 0.06098      (12.69%)
b_3             = -16.6084         +/- 0.3983       (2.398%)

correlation matrix of the fit parameters:
                a_3    b_3    
a_3             1.000 
b_3            -0.919  1.000 


*******************************************************************************
Thu Jul 18 04:18:17 2024


FIT:    data read from "2_6_2_2_single.dat" using 1:4
        format = x:z
        x range restricted to [2.00000 : 4.00000]
        #datapoints = 3
        residuals are weighted equally (unit weight)

function used for fitting: fit_1(x)
	fit_1(x) = a_1*x+b_1
fitted parameters initialized with current variable values

iter      chisq       delta/lim  lambda   a_1           b_1          
   0 3.1803571830e+02   0.00e+00  2.31e+00    1.000000e+00   1.000000e+00
   5 8.0073843267e-02  -4.06e-09  2.31e-05    3.392600e-01  -7.298547e+00

After 5 iterations the fit converged.
final sum of squares of residuals : 0.0800738
rel. change during last iteration : -4.05551e-14

degrees of freedom    (FIT_NDF)                        : 1
rms of residuals      (FIT_STDFIT) = sqrt(WSSR/ndf)    : 0.282973
variance of residuals (reduced chisquare) = WSSR/ndf   : 0.0800738

Final set of parameters            Asymptotic Standard Error
=======================            ==========================
a_1             = 0.33926          +/- 0.2001       (58.98%)
b_1             = -7.29855         +/- 0.6221       (8.524%)

correlation matrix of the fit parameters:
                a_1    b_1    
a_1             1.000 
b_1            -0.965  1.000 


*******************************************************************************
Thu Jul 18 04:18:17 2024


FIT:    data read from "2_6_2_2_single.dat" using 1:4
        format = x:z
        x range restricted to [4.00000 : 8.00000]
        #datapoints = 5
        residuals are weighted equally (unit weight)

function used for fitting: fit_2(x)
	fit_2(x) = a_2*x+b_2
fitted parameters initialized with current variable values

iter      chisq       delta/lim  lambda   a_2           b_2          
   0 4.9743014780e+02   0.00e+00  4.42e+00    1.000000e+00   1.000000e+00
   5 7.5652050512e-01  -2.96e-07  4.42e-05    1.375359e+00  -1.120469e+01

After 5 iterations the fit converged.
final sum of squares of residuals : 0.756521
rel. change during last iteration : -2.96281e-12

degrees of freedom    (FIT_NDF)                        : 3
rms of residuals      (FIT_STDFIT) = sqrt(WSSR/ndf)    : 0.502169
variance of residuals (reduced chisquare) = WSSR/ndf   : 0.252174

Final set of parameters            Asymptotic Standard Error
=======================            ==========================
a_2             = 1.37536          +/- 0.1588       (11.55%)
b_2             = -11.2047         +/- 0.9789       (8.737%)

correlation matrix of the fit parameters:
                a_2    b_2    
a_2             1.000 
b_2            -0.973  1.000 


*******************************************************************************
Thu Jul 18 04:18:17 2024


FIT:    data read from "2_6_2_2_double.dat" using 1:4
        format = x:z
        x range restricted to [2.00000 : 10.0000]
        #datapoints = 9
        residuals are weighted equally (unit weight)

function used for fitting: fit_3(x)
	fit_3(x) = a_3*x+b_3
fitted parameters initialized with current variable values

iter      chisq       delta/lim  lambda   a_3           b_3          
   0 3.8833360154e+03   0.00e+00  4.67e+00    1.000000e+00   1.000000e+00
   5 1.5616072616e+00  -2.70e-10  4.67e-05    4.806300e-01  -1.660840e+01

After 5 iterations the fit converged.
final sum of squares of residuals : 1.56161
rel. change during last iteration : -2.70161e-15

degrees of freedom    (FIT_NDF)                        : 7
rms of residuals      (FIT_STDFIT) = sqrt(WSSR/ndf)    : 0.472321
variance of residuals (reduced chisquare) = WSSR/ndf   : 0.223087

Final set of parameters            Asymptotic Standard Error
=======================            ==========================
a_3             = 0.48063          +/- 0.06098      (12.69%)
b_3             = -16.6084         +/- 0.3983       (2.398%)

correlation matrix of the fit parameters:
                a_3    b_3    
a_3             1.000 
b_3            -0.919  1.000 


*******************************************************************************
Thu Jul 18 04:18:37 2024


FIT:    data read from "2_6_2_2_single.dat" using 1:4
        format = x:z
        x range restricted to [2.00000 : 4.00000]
        #datapoints = 3
        residuals are weighted equally (unit weight)

function used for fitting: fit_1(x)
	fit_1(x) = a_1*x+b_1
fitted parameters initialized with current variable values

iter      chisq       delta/lim  lambda   a_1           b_1          
   0 3.1803571830e+02   0.00e+00  2.31e+00    1.000000e+00   1.000000e+00
   5 8.0073843267e-02  -4.06e-09  2.31e-05    3.392600e-01  -7.298547e+00

After 5 iterations the fit converged.
final sum of squares of residuals : 0.0800738
rel. change during last iteration : -4.05551e-14

degrees of freedom    (FIT_NDF)                        : 1
rms of residuals      (FIT_STDFIT) = sqrt(WSSR/ndf)    : 0.282973
variance of residuals (reduced chisquare) = WSSR/ndf   : 0.0800738

Final set of parameters            Asymptotic Standard Error
=======================            ==========================
a_1             = 0.33926          +/- 0.2001       (58.98%)
b_1             = -7.29855         +/- 0.6221       (8.524%)

correlation matrix of the fit parameters:
                a_1    b_1    
a_1             1.000 
b_1            -0.965  1.000 


*******************************************************************************
Thu Jul 18 04:18:37 2024


FIT:    data read from "2_6_2_2_single.dat" using 1:4
        format = x:z
        x range restricted to [4.00000 : 8.00000]
        #datapoints = 5
        residuals are weighted equally (unit weight)

function used for fitting: fit_2(x)
	fit_2(x) = a_2*x+b_2
fitted parameters initialized with current variable values

iter      chisq       delta/lim  lambda   a_2           b_2          
   0 4.9743014780e+02   0.00e+00  4.42e+00    1.000000e+00   1.000000e+00
   5 7.5652050512e-01  -2.96e-07  4.42e-05    1.375359e+00  -1.120469e+01

After 5 iterations the fit converged.
final sum of squares of residuals : 0.756521
rel. change during last iteration : -2.96281e-12

degrees of freedom    (FIT_NDF)                        : 3
rms of residuals      (FIT_STDFIT) = sqrt(WSSR/ndf)    : 0.502169
variance of residuals (reduced chisquare) = WSSR/ndf   : 0.252174

Final set of parameters            Asymptotic Standard Error
=======================            ==========================
a_2             = 1.37536          +/- 0.1588       (11.55%)
b_2             = -11.2047         +/- 0.9789       (8.737%)

correlation matrix of the fit parameters:
                a_2    b_2    
a_2             1.000 
b_2            -0.973  1.000 


*******************************************************************************
Thu Jul 18 04:18:37 2024


FIT:    data read from "2_6_2_2_double.dat" using 1:4
        format = x:z
        x range restricted to [2.00000 : 10.0000]
        #datapoints = 9
        residuals are weighted equally (unit weight)

function used for fitting: fit_3(x)
	fit_3(x) = a_3*x+b_3
fitted parameters initialized with current variable values

iter      chisq       delta/lim  lambda   a_3           b_3          
   0 3.8833360154e+03   0.00e+00  4.67e+00    1.000000e+00   1.000000e+00
   5 1.5616072616e+00  -2.70e-10  4.67e-05    4.806300e-01  -1.660840e+01

After 5 iterations the fit converged.
final sum of squares of residuals : 1.56161
rel. change during last iteration : -2.70161e-15

degrees of freedom    (FIT_NDF)                        : 7
rms of residuals      (FIT_STDFIT) = sqrt(WSSR/ndf)    : 0.472321
variance of residuals (reduced chisquare) = WSSR/ndf   : 0.223087

Final set of parameters            Asymptotic Standard Error
=======================            ==========================
a_3             = 0.48063          +/- 0.06098      (12.69%)
b_3             = -16.6084         +/- 0.3983       (2.398%)

correlation matrix of the fit parameters:
                a_3    b_3    
a_3             1.000 
b_3            -0.919  1.000 


*******************************************************************************
Thu Jul 18 04:20:10 2024


FIT:    data read from "2_6_2_2_single.dat" using 1:4
        format = x:z
        x range restricted to [2.00000 : 4.00000]
        #datapoints = 3
        residuals are weighted equally (unit weight)

function used for fitting: fit_1(x)
	fit_1(x) = a_1*x+b_1
fitted parameters initialized with current variable values

iter      chisq       delta/lim  lambda   a_1           b_1          
   0 3.1803571830e+02   0.00e+00  2.31e+00    1.000000e+00   1.000000e+00
   5 8.0073843267e-02  -4.06e-09  2.31e-05    3.392600e-01  -7.298547e+00

After 5 iterations the fit converged.
final sum of squares of residuals : 0.0800738
rel. change during last iteration : -4.05551e-14

degrees of freedom    (FIT_NDF)                        : 1
rms of residuals      (FIT_STDFIT) = sqrt(WSSR/ndf)    : 0.282973
variance of residuals (reduced chisquare) = WSSR/ndf   : 0.0800738

Final set of parameters            Asymptotic Standard Error
=======================            ==========================
a_1             = 0.33926          +/- 0.2001       (58.98%)
b_1             = -7.29855         +/- 0.6221       (8.524%)

correlation matrix of the fit parameters:
                a_1    b_1    
a_1             1.000 
b_1            -0.965  1.000 


*******************************************************************************
Thu Jul 18 04:20:10 2024


FIT:    data read from "2_6_2_2_single.dat" using 1:4
        format = x:z
        x range restricted to [4.00000 : 8.00000]
        #datapoints = 5
        residuals are weighted equally (unit weight)

function used for fitting: fit_2(x)
	fit_2(x) = a_2*x+b_2
fitted parameters initialized with current variable values

iter      chisq       delta/lim  lambda   a_2           b_2          
   0 4.9743014780e+02   0.00e+00  4.42e+00    1.000000e+00   1.000000e+00
   5 7.5652050512e-01  -2.96e-07  4.42e-05    1.375359e+00  -1.120469e+01

After 5 iterations the fit converged.
final sum of squares of residuals : 0.756521
rel. change during last iteration : -2.96281e-12

degrees of freedom    (FIT_NDF)                        : 3
rms of residuals      (FIT_STDFIT) = sqrt(WSSR/ndf)    : 0.502169
variance of residuals (reduced chisquare) = WSSR/ndf   : 0.252174

Final set of parameters            Asymptotic Standard Error
=======================            ==========================
a_2             = 1.37536          +/- 0.1588       (11.55%)
b_2             = -11.2047         +/- 0.9789       (8.737%)

correlation matrix of the fit parameters:
                a_2    b_2    
a_2             1.000 
b_2            -0.973  1.000 


*******************************************************************************
Thu Jul 18 04:20:10 2024


FIT:    data read from "2_6_2_2_double.dat" using 1:4
        format = x:z
        x range restricted to [2.00000 : 10.0000]
        #datapoints = 9
        residuals are weighted equally (unit weight)

function used for fitting: fit_3(x)
	fit_3(x) = a_3*x+b_3
fitted parameters initialized with current variable values

iter      chisq       delta/lim  lambda   a_3           b_3          
   0 3.8833360154e+03   0.00e+00  4.67e+00    1.000000e+00   1.000000e+00
   5 1.5616072616e+00  -2.70e-10  4.67e-05    4.806300e-01  -1.660840e+01

After 5 iterations the fit converged.
final sum of squares of residuals : 1.56161
rel. change during last iteration : -2.70161e-15

degrees of freedom    (FIT_NDF)                        : 7
rms of residuals      (FIT_STDFIT) = sqrt(WSSR/ndf)    : 0.472321
variance of residuals (reduced chisquare) = WSSR/ndf   : 0.223087

Final set of parameters            Asymptotic Standard Error
=======================            ==========================
a_3             = 0.48063          +/- 0.06098      (12.69%)
b_3             = -16.6084         +/- 0.3983       (2.398%)

correlation matrix of the fit parameters:
                a_3    b_3    
a_3             1.000 
b_3            -0.919  1.000 


*******************************************************************************
Thu Jul 18 04:21:01 2024


FIT:    data read from "2_6_2_2_single.dat" using 1:4
        format = x:z
        x range restricted to [2.00000 : 4.00000]
        #datapoints = 3
        residuals are weighted equally (unit weight)

function used for fitting: fit_1(x)
	fit_1(x) = a_1*x+b_1
fitted parameters initialized with current variable values

iter      chisq       delta/lim  lambda   a_1           b_1          
   0 3.1803571830e+02   0.00e+00  2.31e+00    1.000000e+00   1.000000e+00
   5 8.0073843267e-02  -4.06e-09  2.31e-05    3.392600e-01  -7.298547e+00

After 5 iterations the fit converged.
final sum of squares of residuals : 0.0800738
rel. change during last iteration : -4.05551e-14

degrees of freedom    (FIT_NDF)                        : 1
rms of residuals      (FIT_STDFIT) = sqrt(WSSR/ndf)    : 0.282973
variance of residuals (reduced chisquare) = WSSR/ndf   : 0.0800738

Final set of parameters            Asymptotic Standard Error
=======================            ==========================
a_1             = 0.33926          +/- 0.2001       (58.98%)
b_1             = -7.29855         +/- 0.6221       (8.524%)

correlation matrix of the fit parameters:
                a_1    b_1    
a_1             1.000 
b_1            -0.965  1.000 


*******************************************************************************
Thu Jul 18 04:21:01 2024


FIT:    data read from "2_6_2_2_single.dat" using 1:4
        format = x:z
        x range restricted to [4.00000 : 8.00000]
        #datapoints = 5
        residuals are weighted equally (unit weight)

function used for fitting: fit_2(x)
	fit_2(x) = a_2*x+b_2
fitted parameters initialized with current variable values

iter      chisq       delta/lim  lambda   a_2           b_2          
   0 4.9743014780e+02   0.00e+00  4.42e+00    1.000000e+00   1.000000e+00
   5 7.5652050512e-01  -2.96e-07  4.42e-05    1.375359e+00  -1.120469e+01

After 5 iterations the fit converged.
final sum of squares of residuals : 0.756521
rel. change during last iteration : -2.96281e-12

degrees of freedom    (FIT_NDF)                        : 3
rms of residuals      (FIT_STDFIT) = sqrt(WSSR/ndf)    : 0.502169
variance of residuals (reduced chisquare) = WSSR/ndf   : 0.252174

Final set of parameters            Asymptotic Standard Error
=======================            ==========================
a_2             = 1.37536          +/- 0.1588       (11.55%)
b_2             = -11.2047         +/- 0.9789       (8.737%)

correlation matrix of the fit parameters:
                a_2    b_2    
a_2             1.000 
b_2            -0.973  1.000 


*******************************************************************************
Thu Jul 18 04:21:01 2024


FIT:    data read from "2_6_2_2_double.dat" using 1:4
        format = x:z
        x range restricted to [2.00000 : 10.0000]
        #datapoints = 9
        residuals are weighted equally (unit weight)

function used for fitting: fit_3(x)
	fit_3(x) = a_3*x+b_3
fitted parameters initialized with current variable values

iter      chisq       delta/lim  lambda   a_3           b_3          
   0 3.8833360154e+03   0.00e+00  4.67e+00    1.000000e+00   1.000000e+00
   5 1.5616072616e+00  -2.70e-10  4.67e-05    4.806300e-01  -1.660840e+01

After 5 iterations the fit converged.
final sum of squares of residuals : 1.56161
rel. change during last iteration : -2.70161e-15

degrees of freedom    (FIT_NDF)                        : 7
rms of residuals      (FIT_STDFIT) = sqrt(WSSR/ndf)    : 0.472321
variance of residuals (reduced chisquare) = WSSR/ndf   : 0.223087

Final set of parameters            Asymptotic Standard Error
=======================            ==========================
a_3             = 0.48063          +/- 0.06098      (12.69%)
b_3             = -16.6084         +/- 0.3983       (2.398%)

correlation matrix of the fit parameters:
                a_3    b_3    
a_3             1.000 
b_3            -0.919  1.000 


*******************************************************************************
Thu Jul 18 04:21:35 2024


FIT:    data read from "2_6_2_2_single.dat" using 1:4
        format = x:z
        x range restricted to [2.00000 : 4.00000]
        #datapoints = 3
        residuals are weighted equally (unit weight)

function used for fitting: fit_1(x)
	fit_1(x) = a_1*x+b_1
fitted parameters initialized with current variable values

iter      chisq       delta/lim  lambda   a_1           b_1          
   0 3.1803571830e+02   0.00e+00  2.31e+00    1.000000e+00   1.000000e+00
   5 8.0073843267e-02  -4.06e-09  2.31e-05    3.392600e-01  -7.298547e+00

After 5 iterations the fit converged.
final sum of squares of residuals : 0.0800738
rel. change during last iteration : -4.05551e-14

degrees of freedom    (FIT_NDF)                        : 1
rms of residuals      (FIT_STDFIT) = sqrt(WSSR/ndf)    : 0.282973
variance of residuals (reduced chisquare) = WSSR/ndf   : 0.0800738

Final set of parameters            Asymptotic Standard Error
=======================            ==========================
a_1             = 0.33926          +/- 0.2001       (58.98%)
b_1             = -7.29855         +/- 0.6221       (8.524%)

correlation matrix of the fit parameters:
                a_1    b_1    
a_1             1.000 
b_1            -0.965  1.000 


*******************************************************************************
Thu Jul 18 04:21:35 2024


FIT:    data read from "2_6_2_2_single.dat" using 1:4
        format = x:z
        x range restricted to [4.00000 : 8.00000]
        #datapoints = 5
        residuals are weighted equally (unit weight)

function used for fitting: fit_2(x)
	fit_2(x) = a_2*x+b_2
fitted parameters initialized with current variable values

iter      chisq       delta/lim  lambda   a_2           b_2          
   0 4.9743014780e+02   0.00e+00  4.42e+00    1.000000e+00   1.000000e+00
   5 7.5652050512e-01  -2.96e-07  4.42e-05    1.375359e+00  -1.120469e+01

After 5 iterations the fit converged.
final sum of squares of residuals : 0.756521
rel. change during last iteration : -2.96281e-12

degrees of freedom    (FIT_NDF)                        : 3
rms of residuals      (FIT_STDFIT) = sqrt(WSSR/ndf)    : 0.502169
variance of residuals (reduced chisquare) = WSSR/ndf   : 0.252174

Final set of parameters            Asymptotic Standard Error
=======================            ==========================
a_2             = 1.37536          +/- 0.1588       (11.55%)
b_2             = -11.2047         +/- 0.9789       (8.737%)

correlation matrix of the fit parameters:
                a_2    b_2    
a_2             1.000 
b_2            -0.973  1.000 


*******************************************************************************
Thu Jul 18 04:21:35 2024


FIT:    data read from "2_6_2_2_double.dat" using 1:4
        format = x:z
        x range restricted to [2.00000 : 10.0000]
        #datapoints = 9
        residuals are weighted equally (unit weight)

function used for fitting: fit_3(x)
	fit_3(x) = a_3*x+b_3
fitted parameters initialized with current variable values

iter      chisq       delta/lim  lambda   a_3           b_3          
   0 3.8833360154e+03   0.00e+00  4.67e+00    1.000000e+00   1.000000e+00
   5 1.5616072616e+00  -2.70e-10  4.67e-05    4.806300e-01  -1.660840e+01

After 5 iterations the fit converged.
final sum of squares of residuals : 1.56161
rel. change during last iteration : -2.70161e-15

degrees of freedom    (FIT_NDF)                        : 7
rms of residuals      (FIT_STDFIT) = sqrt(WSSR/ndf)    : 0.472321
variance of residuals (reduced chisquare) = WSSR/ndf   : 0.223087

Final set of parameters            Asymptotic Standard Error
=======================            ==========================
a_3             = 0.48063          +/- 0.06098      (12.69%)
b_3             = -16.6084         +/- 0.3983       (2.398%)

correlation matrix of the fit parameters:
                a_3    b_3    
a_3             1.000 
b_3            -0.919  1.000 


*******************************************************************************
Thu Jul 18 04:22:05 2024


FIT:    data read from "2_6_2_2_single.dat" using 1:4
        format = x:z
        x range restricted to [2.00000 : 4.00000]
        #datapoints = 3
        residuals are weighted equally (unit weight)

function used for fitting: fit_1(x)
	fit_1(x) = a_1*x+b_1
fitted parameters initialized with current variable values

iter      chisq       delta/lim  lambda   a_1           b_1          
   0 3.1803571830e+02   0.00e+00  2.31e+00    1.000000e+00   1.000000e+00
   5 8.0073843267e-02  -4.06e-09  2.31e-05    3.392600e-01  -7.298547e+00

After 5 iterations the fit converged.
final sum of squares of residuals : 0.0800738
rel. change during last iteration : -4.05551e-14

degrees of freedom    (FIT_NDF)                        : 1
rms of residuals      (FIT_STDFIT) = sqrt(WSSR/ndf)    : 0.282973
variance of residuals (reduced chisquare) = WSSR/ndf   : 0.0800738

Final set of parameters            Asymptotic Standard Error
=======================            ==========================
a_1             = 0.33926          +/- 0.2001       (58.98%)
b_1             = -7.29855         +/- 0.6221       (8.524%)

correlation matrix of the fit parameters:
                a_1    b_1    
a_1             1.000 
b_1            -0.965  1.000 


*******************************************************************************
Thu Jul 18 04:22:05 2024


FIT:    data read from "2_6_2_2_single.dat" using 1:4
        format = x:z
        x range restricted to [4.00000 : 8.00000]
        #datapoints = 5
        residuals are weighted equally (unit weight)

function used for fitting: fit_2(x)
	fit_2(x) = a_2*x+b_2
fitted parameters initialized with current variable values

iter      chisq       delta/lim  lambda   a_2           b_2          
   0 4.9743014780e+02   0.00e+00  4.42e+00    1.000000e+00   1.000000e+00
   5 7.5652050512e-01  -2.96e-07  4.42e-05    1.375359e+00  -1.120469e+01

After 5 iterations the fit converged.
final sum of squares of residuals : 0.756521
rel. change during last iteration : -2.96281e-12

degrees of freedom    (FIT_NDF)                        : 3
rms of residuals      (FIT_STDFIT) = sqrt(WSSR/ndf)    : 0.502169
variance of residuals (reduced chisquare) = WSSR/ndf   : 0.252174

Final set of parameters            Asymptotic Standard Error
=======================            ==========================
a_2             = 1.37536          +/- 0.1588       (11.55%)
b_2             = -11.2047         +/- 0.9789       (8.737%)

correlation matrix of the fit parameters:
                a_2    b_2    
a_2             1.000 
b_2            -0.973  1.000 


*******************************************************************************
Thu Jul 18 04:22:05 2024


FIT:    data read from "2_6_2_2_double.dat" using 1:4
        format = x:z
        x range restricted to [2.00000 : 10.0000]
        #datapoints = 9
        residuals are weighted equally (unit weight)

function used for fitting: fit_3(x)
	fit_3(x) = a_3*x+b_3
fitted parameters initialized with current variable values

iter      chisq       delta/lim  lambda   a_3           b_3          
   0 3.8833360154e+03   0.00e+00  4.67e+00    1.000000e+00   1.000000e+00
   5 1.5616072616e+00  -2.70e-10  4.67e-05    4.806300e-01  -1.660840e+01

After 5 iterations the fit converged.
final sum of squares of residuals : 1.56161
rel. change during last iteration : -2.70161e-15

degrees of freedom    (FIT_NDF)                        : 7
rms of residuals      (FIT_STDFIT) = sqrt(WSSR/ndf)    : 0.472321
variance of residuals (reduced chisquare) = WSSR/ndf   : 0.223087

Final set of parameters            Asymptotic Standard Error
=======================            ==========================
a_3             = 0.48063          +/- 0.06098      (12.69%)
b_3             = -16.6084         +/- 0.3983       (2.398%)

correlation matrix of the fit parameters:
                a_3    b_3    
a_3             1.000 
b_3            -0.919  1.000 


*******************************************************************************
Thu Jul 18 04:22:35 2024


FIT:    data read from "2_6_2_2_single.dat" using 1:4
        format = x:z
        x range restricted to [2.00000 : 4.00000]
        #datapoints = 3
        residuals are weighted equally (unit weight)

function used for fitting: fit_1(x)
	fit_1(x) = a_1*x+b_1
fitted parameters initialized with current variable values

iter      chisq       delta/lim  lambda   a_1           b_1          
   0 3.1803571830e+02   0.00e+00  2.31e+00    1.000000e+00   1.000000e+00
   5 8.0073843267e-02  -4.06e-09  2.31e-05    3.392600e-01  -7.298547e+00

After 5 iterations the fit converged.
final sum of squares of residuals : 0.0800738
rel. change during last iteration : -4.05551e-14

degrees of freedom    (FIT_NDF)                        : 1
rms of residuals      (FIT_STDFIT) = sqrt(WSSR/ndf)    : 0.282973
variance of residuals (reduced chisquare) = WSSR/ndf   : 0.0800738

Final set of parameters            Asymptotic Standard Error
=======================            ==========================
a_1             = 0.33926          +/- 0.2001       (58.98%)
b_1             = -7.29855         +/- 0.6221       (8.524%)

correlation matrix of the fit parameters:
                a_1    b_1    
a_1             1.000 
b_1            -0.965  1.000 


*******************************************************************************
Thu Jul 18 04:22:35 2024


FIT:    data read from "2_6_2_2_single.dat" using 1:4
        format = x:z
        x range restricted to [4.00000 : 8.00000]
        #datapoints = 5
        residuals are weighted equally (unit weight)

function used for fitting: fit_2(x)
	fit_2(x) = a_2*x+b_2
fitted parameters initialized with current variable values

iter      chisq       delta/lim  lambda   a_2           b_2          
   0 4.9743014780e+02   0.00e+00  4.42e+00    1.000000e+00   1.000000e+00
   5 7.5652050512e-01  -2.96e-07  4.42e-05    1.375359e+00  -1.120469e+01

After 5 iterations the fit converged.
final sum of squares of residuals : 0.756521
rel. change during last iteration : -2.96281e-12

degrees of freedom    (FIT_NDF)                        : 3
rms of residuals      (FIT_STDFIT) = sqrt(WSSR/ndf)    : 0.502169
variance of residuals (reduced chisquare) = WSSR/ndf   : 0.252174

Final set of parameters            Asymptotic Standard Error
=======================            ==========================
a_2             = 1.37536          +/- 0.1588       (11.55%)
b_2             = -11.2047         +/- 0.9789       (8.737%)

correlation matrix of the fit parameters:
                a_2    b_2    
a_2             1.000 
b_2            -0.973  1.000 


*******************************************************************************
Thu Jul 18 04:22:35 2024


FIT:    data read from "2_6_2_2_double.dat" using 1:4
        format = x:z
        x range restricted to [2.00000 : 10.0000]
        #datapoints = 9
        residuals are weighted equally (unit weight)

function used for fitting: fit_3(x)
	fit_3(x) = a_3*x+b_3
fitted parameters initialized with current variable values

iter      chisq       delta/lim  lambda   a_3           b_3          
   0 3.8833360154e+03   0.00e+00  4.67e+00    1.000000e+00   1.000000e+00
   5 1.5616072616e+00  -2.70e-10  4.67e-05    4.806300e-01  -1.660840e+01

After 5 iterations the fit converged.
final sum of squares of residuals : 1.56161
rel. change during last iteration : -2.70161e-15

degrees of freedom    (FIT_NDF)                        : 7
rms of residuals      (FIT_STDFIT) = sqrt(WSSR/ndf)    : 0.472321
variance of residuals (reduced chisquare) = WSSR/ndf   : 0.223087

Final set of parameters            Asymptotic Standard Error
=======================            ==========================
a_3             = 0.48063          +/- 0.06098      (12.69%)
b_3             = -16.6084         +/- 0.3983       (2.398%)

correlation matrix of the fit parameters:
                a_3    b_3    
a_3             1.000 
b_3            -0.919  1.000 


*******************************************************************************
Thu Jul 18 04:23:53 2024


FIT:    data read from "2_6_2_2_single.dat" using 1:4
        format = x:z
        x range restricted to [2.00000 : 4.00000]
        #datapoints = 3
        residuals are weighted equally (unit weight)

function used for fitting: fit_1(x)
	fit_1(x) = a_1*x+b_1
fitted parameters initialized with current variable values

iter      chisq       delta/lim  lambda   a_1           b_1          
   0 3.1803571830e+02   0.00e+00  2.31e+00    1.000000e+00   1.000000e+00
   5 8.0073843267e-02  -4.06e-09  2.31e-05    3.392600e-01  -7.298547e+00

After 5 iterations the fit converged.
final sum of squares of residuals : 0.0800738
rel. change during last iteration : -4.05551e-14

degrees of freedom    (FIT_NDF)                        : 1
rms of residuals      (FIT_STDFIT) = sqrt(WSSR/ndf)    : 0.282973
variance of residuals (reduced chisquare) = WSSR/ndf   : 0.0800738

Final set of parameters            Asymptotic Standard Error
=======================            ==========================
a_1             = 0.33926          +/- 0.2001       (58.98%)
b_1             = -7.29855         +/- 0.6221       (8.524%)

correlation matrix of the fit parameters:
                a_1    b_1    
a_1             1.000 
b_1            -0.965  1.000 


*******************************************************************************
Thu Jul 18 04:23:53 2024


FIT:    data read from "2_6_2_2_single.dat" using 1:4
        format = x:z
        x range restricted to [4.00000 : 8.00000]
        #datapoints = 5
        residuals are weighted equally (unit weight)

function used for fitting: fit_2(x)
	fit_2(x) = a_2*x+b_2
fitted parameters initialized with current variable values

iter      chisq       delta/lim  lambda   a_2           b_2          
   0 4.9743014780e+02   0.00e+00  4.42e+00    1.000000e+00   1.000000e+00
   5 7.5652050512e-01  -2.96e-07  4.42e-05    1.375359e+00  -1.120469e+01

After 5 iterations the fit converged.
final sum of squares of residuals : 0.756521
rel. change during last iteration : -2.96281e-12

degrees of freedom    (FIT_NDF)                        : 3
rms of residuals      (FIT_STDFIT) = sqrt(WSSR/ndf)    : 0.502169
variance of residuals (reduced chisquare) = WSSR/ndf   : 0.252174

Final set of parameters            Asymptotic Standard Error
=======================            ==========================
a_2             = 1.37536          +/- 0.1588       (11.55%)
b_2             = -11.2047         +/- 0.9789       (8.737%)

correlation matrix of the fit parameters:
                a_2    b_2    
a_2             1.000 
b_2            -0.973  1.000 


*******************************************************************************
Thu Jul 18 04:23:53 2024


FIT:    data read from "2_6_2_2_double.dat" using 1:4
        format = x:z
        x range restricted to [2.00000 : 10.0000]
        #datapoints = 9
        residuals are weighted equally (unit weight)

function used for fitting: fit_3(x)
	fit_3(x) = a_3*x+b_3
fitted parameters initialized with current variable values

iter      chisq       delta/lim  lambda   a_3           b_3          
   0 3.8833360154e+03   0.00e+00  4.67e+00    1.000000e+00   1.000000e+00
   5 1.5616072616e+00  -2.70e-10  4.67e-05    4.806300e-01  -1.660840e+01

After 5 iterations the fit converged.
final sum of squares of residuals : 1.56161
rel. change during last iteration : -2.70161e-15

degrees of freedom    (FIT_NDF)                        : 7
rms of residuals      (FIT_STDFIT) = sqrt(WSSR/ndf)    : 0.472321
variance of residuals (reduced chisquare) = WSSR/ndf   : 0.223087

Final set of parameters            Asymptotic Standard Error
=======================            ==========================
a_3             = 0.48063          +/- 0.06098      (12.69%)
b_3             = -16.6084         +/- 0.3983       (2.398%)

correlation matrix of the fit parameters:
                a_3    b_3    
a_3             1.000 
b_3            -0.919  1.000 


*******************************************************************************
Thu Jul 18 04:25:25 2024


FIT:    data read from "2_6_2_2_single.dat" using 1:4
        format = x:z
        x range restricted to [2.00000 : 4.00000]
        #datapoints = 3
        residuals are weighted equally (unit weight)

function used for fitting: fit_1(x)
	fit_1(x) = a_1*x+b_1
fitted parameters initialized with current variable values

iter      chisq       delta/lim  lambda   a_1           b_1          
   0 3.1803571830e+02   0.00e+00  2.31e+00    1.000000e+00   1.000000e+00
   5 8.0073843267e-02  -4.06e-09  2.31e-05    3.392600e-01  -7.298547e+00

After 5 iterations the fit converged.
final sum of squares of residuals : 0.0800738
rel. change during last iteration : -4.05551e-14

degrees of freedom    (FIT_NDF)                        : 1
rms of residuals      (FIT_STDFIT) = sqrt(WSSR/ndf)    : 0.282973
variance of residuals (reduced chisquare) = WSSR/ndf   : 0.0800738

Final set of parameters            Asymptotic Standard Error
=======================            ==========================
a_1             = 0.33926          +/- 0.2001       (58.98%)
b_1             = -7.29855         +/- 0.6221       (8.524%)

correlation matrix of the fit parameters:
                a_1    b_1    
a_1             1.000 
b_1            -0.965  1.000 


*******************************************************************************
Thu Jul 18 04:25:25 2024


FIT:    data read from "2_6_2_2_single.dat" using 1:4
        format = x:z
        x range restricted to [4.00000 : 8.00000]
        #datapoints = 5
        residuals are weighted equally (unit weight)

function used for fitting: fit_2(x)
	fit_2(x) = a_2*x+b_2
fitted parameters initialized with current variable values

iter      chisq       delta/lim  lambda   a_2           b_2          
   0 4.9743014780e+02   0.00e+00  4.42e+00    1.000000e+00   1.000000e+00
   5 7.5652050512e-01  -2.96e-07  4.42e-05    1.375359e+00  -1.120469e+01

After 5 iterations the fit converged.
final sum of squares of residuals : 0.756521
rel. change during last iteration : -2.96281e-12

degrees of freedom    (FIT_NDF)                        : 3
rms of residuals      (FIT_STDFIT) = sqrt(WSSR/ndf)    : 0.502169
variance of residuals (reduced chisquare) = WSSR/ndf   : 0.252174

Final set of parameters            Asymptotic Standard Error
=======================            ==========================
a_2             = 1.37536          +/- 0.1588       (11.55%)
b_2             = -11.2047         +/- 0.9789       (8.737%)

correlation matrix of the fit parameters:
                a_2    b_2    
a_2             1.000 
b_2            -0.973  1.000 


*******************************************************************************
Thu Jul 18 04:25:25 2024


FIT:    data read from "2_6_2_2_double.dat" using 1:4
        format = x:z
        x range restricted to [2.00000 : 10.0000]
        #datapoints = 9
        residuals are weighted equally (unit weight)

function used for fitting: fit_3(x)
	fit_3(x) = a_3*x+b_3
fitted parameters initialized with current variable values

iter      chisq       delta/lim  lambda   a_3           b_3          
   0 3.8833360154e+03   0.00e+00  4.67e+00    1.000000e+00   1.000000e+00
   5 1.5616072616e+00  -2.70e-10  4.67e-05    4.806300e-01  -1.660840e+01

After 5 iterations the fit converged.
final sum of squares of residuals : 1.56161
rel. change during last iteration : -2.70161e-15

degrees of freedom    (FIT_NDF)                        : 7
rms of residuals      (FIT_STDFIT) = sqrt(WSSR/ndf)    : 0.472321
variance of residuals (reduced chisquare) = WSSR/ndf   : 0.223087

Final set of parameters            Asymptotic Standard Error
=======================            ==========================
a_3             = 0.48063          +/- 0.06098      (12.69%)
b_3             = -16.6084         +/- 0.3983       (2.398%)

correlation matrix of the fit parameters:
                a_3    b_3    
a_3             1.000 
b_3            -0.919  1.000 


*******************************************************************************
Thu Jul 18 04:29:05 2024


FIT:    data read from "2_6_2_2_single.dat" using 1:4
        format = x:z
        x range restricted to [2.00000 : 4.00000]
        #datapoints = 3
        residuals are weighted equally (unit weight)

function used for fitting: fit_1(x)
	fit_1(x) = a_1*x+b_1
fitted parameters initialized with current variable values

iter      chisq       delta/lim  lambda   a_1           b_1          
   0 3.1803571830e+02   0.00e+00  2.31e+00    1.000000e+00   1.000000e+00
   5 8.0073843267e-02  -4.06e-09  2.31e-05    3.392600e-01  -7.298547e+00

After 5 iterations the fit converged.
final sum of squares of residuals : 0.0800738
rel. change during last iteration : -4.05551e-14

degrees of freedom    (FIT_NDF)                        : 1
rms of residuals      (FIT_STDFIT) = sqrt(WSSR/ndf)    : 0.282973
variance of residuals (reduced chisquare) = WSSR/ndf   : 0.0800738

Final set of parameters            Asymptotic Standard Error
=======================            ==========================
a_1             = 0.33926          +/- 0.2001       (58.98%)
b_1             = -7.29855         +/- 0.6221       (8.524%)

correlation matrix of the fit parameters:
                a_1    b_1    
a_1             1.000 
b_1            -0.965  1.000 


*******************************************************************************
Thu Jul 18 04:29:05 2024


FIT:    data read from "2_6_2_2_single.dat" using 1:4
        format = x:z
        x range restricted to [4.00000 : 8.00000]
        #datapoints = 5
        residuals are weighted equally (unit weight)

function used for fitting: fit_2(x)
	fit_2(x) = a_2*x+b_2
fitted parameters initialized with current variable values

iter      chisq       delta/lim  lambda   a_2           b_2          
   0 4.9743014780e+02   0.00e+00  4.42e+00    1.000000e+00   1.000000e+00
   5 7.5652050512e-01  -2.96e-07  4.42e-05    1.375359e+00  -1.120469e+01

After 5 iterations the fit converged.
final sum of squares of residuals : 0.756521
rel. change during last iteration : -2.96281e-12

degrees of freedom    (FIT_NDF)                        : 3
rms of residuals      (FIT_STDFIT) = sqrt(WSSR/ndf)    : 0.502169
variance of residuals (reduced chisquare) = WSSR/ndf   : 0.252174

Final set of parameters            Asymptotic Standard Error
=======================            ==========================
a_2             = 1.37536          +/- 0.1588       (11.55%)
b_2             = -11.2047         +/- 0.9789       (8.737%)

correlation matrix of the fit parameters:
                a_2    b_2    
a_2             1.000 
b_2            -0.973  1.000 


*******************************************************************************
Thu Jul 18 04:29:05 2024


FIT:    data read from "2_6_2_2_double.dat" using 1:4
        format = x:z
        x range restricted to [2.00000 : 10.0000]
        #datapoints = 9
        residuals are weighted equally (unit weight)

function used for fitting: fit_3(x)
	fit_3(x) = a_3*x+b_3
fitted parameters initialized with current variable values

iter      chisq       delta/lim  lambda   a_3           b_3          
   0 3.8833360154e+03   0.00e+00  4.67e+00    1.000000e+00   1.000000e+00
   5 1.5616072616e+00  -2.70e-10  4.67e-05    4.806300e-01  -1.660840e+01

After 5 iterations the fit converged.
final sum of squares of residuals : 1.56161
rel. change during last iteration : -2.70161e-15

degrees of freedom    (FIT_NDF)                        : 7
rms of residuals      (FIT_STDFIT) = sqrt(WSSR/ndf)    : 0.472321
variance of residuals (reduced chisquare) = WSSR/ndf   : 0.223087

Final set of parameters            Asymptotic Standard Error
=======================            ==========================
a_3             = 0.48063          +/- 0.06098      (12.69%)
b_3             = -16.6084         +/- 0.3983       (2.398%)

correlation matrix of the fit parameters:
                a_3    b_3    
a_3             1.000 
b_3            -0.919  1.000 


*******************************************************************************
Thu Jul 18 04:30:56 2024


FIT:    data read from "2_6_2_2_single.dat" using 1:4
        format = x:z
        x range restricted to [2.00000 : 4.00000]
        #datapoints = 3
        residuals are weighted equally (unit weight)

function used for fitting: fit_1(x)
	fit_1(x) = a_1*x+b_1
fitted parameters initialized with current variable values

iter      chisq       delta/lim  lambda   a_1           b_1          
   0 3.1803571830e+02   0.00e+00  2.31e+00    1.000000e+00   1.000000e+00
   5 8.0073843267e-02  -4.06e-09  2.31e-05    3.392600e-01  -7.298547e+00

After 5 iterations the fit converged.
final sum of squares of residuals : 0.0800738
rel. change during last iteration : -4.05551e-14

degrees of freedom    (FIT_NDF)                        : 1
rms of residuals      (FIT_STDFIT) = sqrt(WSSR/ndf)    : 0.282973
variance of residuals (reduced chisquare) = WSSR/ndf   : 0.0800738

Final set of parameters            Asymptotic Standard Error
=======================            ==========================
a_1             = 0.33926          +/- 0.2001       (58.98%)
b_1             = -7.29855         +/- 0.6221       (8.524%)

correlation matrix of the fit parameters:
                a_1    b_1    
a_1             1.000 
b_1            -0.965  1.000 


*******************************************************************************
Thu Jul 18 04:30:56 2024


FIT:    data read from "2_6_2_2_single.dat" using 1:4
        format = x:z
        x range restricted to [4.00000 : 8.00000]
        #datapoints = 5
        residuals are weighted equally (unit weight)

function used for fitting: fit_2(x)
	fit_2(x) = a_2*x+b_2
fitted parameters initialized with current variable values

iter      chisq       delta/lim  lambda   a_2           b_2          
   0 4.9743014780e+02   0.00e+00  4.42e+00    1.000000e+00   1.000000e+00
   5 7.5652050512e-01  -2.96e-07  4.42e-05    1.375359e+00  -1.120469e+01

After 5 iterations the fit converged.
final sum of squares of residuals : 0.756521
rel. change during last iteration : -2.96281e-12

degrees of freedom    (FIT_NDF)                        : 3
rms of residuals      (FIT_STDFIT) = sqrt(WSSR/ndf)    : 0.502169
variance of residuals (reduced chisquare) = WSSR/ndf   : 0.252174

Final set of parameters            Asymptotic Standard Error
=======================            ==========================
a_2             = 1.37536          +/- 0.1588       (11.55%)
b_2             = -11.2047         +/- 0.9789       (8.737%)

correlation matrix of the fit parameters:
                a_2    b_2    
a_2             1.000 
b_2            -0.973  1.000 


*******************************************************************************
Thu Jul 18 04:30:56 2024


FIT:    data read from "2_6_2_2_double.dat" using 1:4
        format = x:z
        x range restricted to [2.00000 : 10.0000]
        #datapoints = 9
        residuals are weighted equally (unit weight)

function used for fitting: fit_3(x)
	fit_3(x) = a_3*x+b_3
fitted parameters initialized with current variable values

iter      chisq       delta/lim  lambda   a_3           b_3          
   0 3.8833360154e+03   0.00e+00  4.67e+00    1.000000e+00   1.000000e+00
   5 1.5616072616e+00  -2.70e-10  4.67e-05    4.806300e-01  -1.660840e+01

After 5 iterations the fit converged.
final sum of squares of residuals : 1.56161
rel. change during last iteration : -2.70161e-15

degrees of freedom    (FIT_NDF)                        : 7
rms of residuals      (FIT_STDFIT) = sqrt(WSSR/ndf)    : 0.472321
variance of residuals (reduced chisquare) = WSSR/ndf   : 0.223087

Final set of parameters            Asymptotic Standard Error
=======================            ==========================
a_3             = 0.48063          +/- 0.06098      (12.69%)
b_3             = -16.6084         +/- 0.3983       (2.398%)

correlation matrix of the fit parameters:
                a_3    b_3    
a_3             1.000 
b_3            -0.919  1.000 


*******************************************************************************
Thu Jul 18 04:31:23 2024


FIT:    data read from "2_6_2_2_single.dat" using 1:4
        format = x:z
        x range restricted to [2.00000 : 4.00000]
        #datapoints = 3
        residuals are weighted equally (unit weight)

function used for fitting: fit_1(x)
	fit_1(x) = a_1*x+b_1
fitted parameters initialized with current variable values

iter      chisq       delta/lim  lambda   a_1           b_1          
   0 3.1803571830e+02   0.00e+00  2.31e+00    1.000000e+00   1.000000e+00
   5 8.0073843267e-02  -4.06e-09  2.31e-05    3.392600e-01  -7.298547e+00

After 5 iterations the fit converged.
final sum of squares of residuals : 0.0800738
rel. change during last iteration : -4.05551e-14

degrees of freedom    (FIT_NDF)                        : 1
rms of residuals      (FIT_STDFIT) = sqrt(WSSR/ndf)    : 0.282973
variance of residuals (reduced chisquare) = WSSR/ndf   : 0.0800738

Final set of parameters            Asymptotic Standard Error
=======================            ==========================
a_1             = 0.33926          +/- 0.2001       (58.98%)
b_1             = -7.29855         +/- 0.6221       (8.524%)

correlation matrix of the fit parameters:
                a_1    b_1    
a_1             1.000 
b_1            -0.965  1.000 


*******************************************************************************
Thu Jul 18 04:31:23 2024


FIT:    data read from "2_6_2_2_single.dat" using 1:4
        format = x:z
        x range restricted to [4.00000 : 8.00000]
        #datapoints = 5
        residuals are weighted equally (unit weight)

function used for fitting: fit_2(x)
	fit_2(x) = a_2*x+b_2
fitted parameters initialized with current variable values

iter      chisq       delta/lim  lambda   a_2           b_2          
   0 4.9743014780e+02   0.00e+00  4.42e+00    1.000000e+00   1.000000e+00
   5 7.5652050512e-01  -2.96e-07  4.42e-05    1.375359e+00  -1.120469e+01

After 5 iterations the fit converged.
final sum of squares of residuals : 0.756521
rel. change during last iteration : -2.96281e-12

degrees of freedom    (FIT_NDF)                        : 3
rms of residuals      (FIT_STDFIT) = sqrt(WSSR/ndf)    : 0.502169
variance of residuals (reduced chisquare) = WSSR/ndf   : 0.252174

Final set of parameters            Asymptotic Standard Error
=======================            ==========================
a_2             = 1.37536          +/- 0.1588       (11.55%)
b_2             = -11.2047         +/- 0.9789       (8.737%)

correlation matrix of the fit parameters:
                a_2    b_2    
a_2             1.000 
b_2            -0.973  1.000 


*******************************************************************************
Thu Jul 18 04:31:23 2024


FIT:    data read from "2_6_2_2_double.dat" using 1:4
        format = x:z
        x range restricted to [2.00000 : 10.0000]
        #datapoints = 9
        residuals are weighted equally (unit weight)

function used for fitting: fit_3(x)
	fit_3(x) = a_3*x+b_3
fitted parameters initialized with current variable values

iter      chisq       delta/lim  lambda   a_3           b_3          
   0 3.8833360154e+03   0.00e+00  4.67e+00    1.000000e+00   1.000000e+00
   5 1.5616072616e+00  -2.70e-10  4.67e-05    4.806300e-01  -1.660840e+01

After 5 iterations the fit converged.
final sum of squares of residuals : 1.56161
rel. change during last iteration : -2.70161e-15

degrees of freedom    (FIT_NDF)                        : 7
rms of residuals      (FIT_STDFIT) = sqrt(WSSR/ndf)    : 0.472321
variance of residuals (reduced chisquare) = WSSR/ndf   : 0.223087

Final set of parameters            Asymptotic Standard Error
=======================            ==========================
a_3             = 0.48063          +/- 0.06098      (12.69%)
b_3             = -16.6084         +/- 0.3983       (2.398%)

correlation matrix of the fit parameters:
                a_3    b_3    
a_3             1.000 
b_3            -0.919  1.000 


*******************************************************************************
Thu Jul 18 04:32:36 2024


FIT:    data read from "2_6_2_2_single.dat" using 1:4
        format = x:z
        x range restricted to [2.00000 : 4.00000]
        #datapoints = 3
        residuals are weighted equally (unit weight)

function used for fitting: fit_1(x)
	fit_1(x) = a_1*x+b_1
fitted parameters initialized with current variable values

iter      chisq       delta/lim  lambda   a_1           b_1          
   0 3.1803571830e+02   0.00e+00  2.31e+00    1.000000e+00   1.000000e+00
   5 8.0073843267e-02  -4.06e-09  2.31e-05    3.392600e-01  -7.298547e+00

After 5 iterations the fit converged.
final sum of squares of residuals : 0.0800738
rel. change during last iteration : -4.05551e-14

degrees of freedom    (FIT_NDF)                        : 1
rms of residuals      (FIT_STDFIT) = sqrt(WSSR/ndf)    : 0.282973
variance of residuals (reduced chisquare) = WSSR/ndf   : 0.0800738

Final set of parameters            Asymptotic Standard Error
=======================            ==========================
a_1             = 0.33926          +/- 0.2001       (58.98%)
b_1             = -7.29855         +/- 0.6221       (8.524%)

correlation matrix of the fit parameters:
                a_1    b_1    
a_1             1.000 
b_1            -0.965  1.000 


*******************************************************************************
Thu Jul 18 04:32:36 2024


FIT:    data read from "2_6_2_2_single.dat" using 1:4
        format = x:z
        x range restricted to [4.00000 : 7.00000]
        #datapoints = 4
        residuals are weighted equally (unit weight)

function used for fitting: fit_2(x)
	fit_2(x) = a_2*x+b_2
fitted parameters initialized with current variable values

iter      chisq       delta/lim  lambda   a_2           b_2          
   0 4.0251732934e+02   0.00e+00  4.03e+00    1.000000e+00   1.000000e+00
   5 2.6157989070e-02  -3.35e-05  4.03e-05    1.645611e+00  -1.255595e+01

After 5 iterations the fit converged.
final sum of squares of residuals : 0.026158
rel. change during last iteration : -3.34872e-10

degrees of freedom    (FIT_NDF)                        : 2
rms of residuals      (FIT_STDFIT) = sqrt(WSSR/ndf)    : 0.114363
variance of residuals (reduced chisquare) = WSSR/ndf   : 0.013079

Final set of parameters            Asymptotic Standard Error
=======================            ==========================
a_2             = 1.64561          +/- 0.05114      (3.108%)
b_2             = -12.5559         +/- 0.287        (2.286%)

correlation matrix of the fit parameters:
                a_2    b_2    
a_2             1.000 
b_2            -0.980  1.000 


*******************************************************************************
Thu Jul 18 04:32:36 2024


FIT:    data read from "2_6_2_2_double.dat" using 1:4
        format = x:z
        x range restricted to [2.00000 : 10.0000]
        #datapoints = 9
        residuals are weighted equally (unit weight)

function used for fitting: fit_3(x)
	fit_3(x) = a_3*x+b_3
fitted parameters initialized with current variable values

iter      chisq       delta/lim  lambda   a_3           b_3          
   0 3.8833360154e+03   0.00e+00  4.67e+00    1.000000e+00   1.000000e+00
   5 1.5616072616e+00  -2.70e-10  4.67e-05    4.806300e-01  -1.660840e+01

After 5 iterations the fit converged.
final sum of squares of residuals : 1.56161
rel. change during last iteration : -2.70161e-15

degrees of freedom    (FIT_NDF)                        : 7
rms of residuals      (FIT_STDFIT) = sqrt(WSSR/ndf)    : 0.472321
variance of residuals (reduced chisquare) = WSSR/ndf   : 0.223087

Final set of parameters            Asymptotic Standard Error
=======================            ==========================
a_3             = 0.48063          +/- 0.06098      (12.69%)
b_3             = -16.6084         +/- 0.3983       (2.398%)

correlation matrix of the fit parameters:
                a_3    b_3    
a_3             1.000 
b_3            -0.919  1.000 


*******************************************************************************
Thu Jul 18 04:33:11 2024


FIT:    data read from "2_6_2_2_single.dat" using 1:4
        format = x:z
        x range restricted to [2.00000 : 4.00000]
        #datapoints = 3
        residuals are weighted equally (unit weight)

function used for fitting: fit_1(x)
	fit_1(x) = a_1*x+b_1
fitted parameters initialized with current variable values

iter      chisq       delta/lim  lambda   a_1           b_1          
   0 3.1803571830e+02   0.00e+00  2.31e+00    1.000000e+00   1.000000e+00
   5 8.0073843267e-02  -4.06e-09  2.31e-05    3.392600e-01  -7.298547e+00

After 5 iterations the fit converged.
final sum of squares of residuals : 0.0800738
rel. change during last iteration : -4.05551e-14

degrees of freedom    (FIT_NDF)                        : 1
rms of residuals      (FIT_STDFIT) = sqrt(WSSR/ndf)    : 0.282973
variance of residuals (reduced chisquare) = WSSR/ndf   : 0.0800738

Final set of parameters            Asymptotic Standard Error
=======================            ==========================
a_1             = 0.33926          +/- 0.2001       (58.98%)
b_1             = -7.29855         +/- 0.6221       (8.524%)

correlation matrix of the fit parameters:
                a_1    b_1    
a_1             1.000 
b_1            -0.965  1.000 


*******************************************************************************
Thu Jul 18 04:33:11 2024


FIT:    data read from "2_6_2_2_single.dat" using 1:4
        format = x:z
        x range restricted to [4.00000 : 8.00000]
        #datapoints = 5
        residuals are weighted equally (unit weight)

function used for fitting: fit_2(x)
	fit_2(x) = a_2*x+b_2
fitted parameters initialized with current variable values

iter      chisq       delta/lim  lambda   a_2           b_2          
   0 4.9743014780e+02   0.00e+00  4.42e+00    1.000000e+00   1.000000e+00
   5 7.5652050512e-01  -2.96e-07  4.42e-05    1.375359e+00  -1.120469e+01

After 5 iterations the fit converged.
final sum of squares of residuals : 0.756521
rel. change during last iteration : -2.96281e-12

degrees of freedom    (FIT_NDF)                        : 3
rms of residuals      (FIT_STDFIT) = sqrt(WSSR/ndf)    : 0.502169
variance of residuals (reduced chisquare) = WSSR/ndf   : 0.252174

Final set of parameters            Asymptotic Standard Error
=======================            ==========================
a_2             = 1.37536          +/- 0.1588       (11.55%)
b_2             = -11.2047         +/- 0.9789       (8.737%)

correlation matrix of the fit parameters:
                a_2    b_2    
a_2             1.000 
b_2            -0.973  1.000 


*******************************************************************************
Thu Jul 18 04:33:11 2024


FIT:    data read from "2_6_2_2_double.dat" using 1:4
        format = x:z
        x range restricted to [2.00000 : 10.0000]
        #datapoints = 9
        residuals are weighted equally (unit weight)

function used for fitting: fit_3(x)
	fit_3(x) = a_3*x+b_3
fitted parameters initialized with current variable values

iter      chisq       delta/lim  lambda   a_3           b_3          
   0 3.8833360154e+03   0.00e+00  4.67e+00    1.000000e+00   1.000000e+00
   5 1.5616072616e+00  -2.70e-10  4.67e-05    4.806300e-01  -1.660840e+01

After 5 iterations the fit converged.
final sum of squares of residuals : 1.56161
rel. change during last iteration : -2.70161e-15

degrees of freedom    (FIT_NDF)                        : 7
rms of residuals      (FIT_STDFIT) = sqrt(WSSR/ndf)    : 0.472321
variance of residuals (reduced chisquare) = WSSR/ndf   : 0.223087

Final set of parameters            Asymptotic Standard Error
=======================            ==========================
a_3             = 0.48063          +/- 0.06098      (12.69%)
b_3             = -16.6084         +/- 0.3983       (2.398%)

correlation matrix of the fit parameters:
                a_3    b_3    
a_3             1.000 
b_3            -0.919  1.000 
